<?xml version="1.0" encoding="UTF-8"?>
<!-- Generated by org.testng.reporters.JUnitXMLReporter -->
<testsuite hostname="ENPPHMANL0117" ignored="0" name="Account creation for General User" tests="2" failures="1" timestamp="2020-10-02T21:46:28 CST" time="88.99" errors="0">
  <testcase name="createGeneralUser" time="49.038" classname="pageTest.CreateGeneralTest"/>
  <testcase name="createGeneralUser" time="49.057" classname="pageTest.CreateGeneralTest">
    <failure type="java.lang.NullPointerException">
      <![CDATA[java.lang.NullPointerException
at resources.Listeners.onTestSuccess(Listeners.java:27)
at java.util.ArrayList.forEach(Unknown Source)
at java.util.concurrent.FutureTask.run(Unknown Source)
at java.util.concurrent.ThreadPoolExecutor.runWorker(Unknown Source)
at java.util.concurrent.ThreadPoolExecutor$Worker.run(Unknown Source)
at java.lang.Thread.run(Unknown Source)
... Removed 15 stack frames]]>
    </failure>
  </testcase> <!-- createGeneralUser -->
</testsuite> <!-- Account creation for General User -->
