<?xml version="1.0" encoding="UTF-8"?>
<!-- Generated by org.testng.reporters.JUnitXMLReporter -->
<testsuite ignored="0" hostname="ENPPHMANL0117" failures="0" tests="2" name="Validate eloqua form submission." time="79.071" errors="0" timestamp="2022-02-13T17:14:27 CST">
  <testcase classname="pageTest.EloquaFormTest" name="eloquaWithoutAttachment" time="10.214"/>
  <testcase classname="pageTest.EloquaFormTest" name="eloquaWithAttachment" time="15.525"/>
</testsuite> <!-- Validate eloqua form submission. -->
