<?xml version="1.0" encoding="UTF-8"?>
<!-- Generated by org.testng.reporters.JUnitXMLReporter -->
<testsuite hostname="ENPPHMANL0117" ignored="0" name="createGeneralUser" tests="1" failures="0" timestamp="2020-10-05T21:52:30 CST" time="12.101" errors="0">
  <testcase name="@BeforeTest initializeBrowser" time="11.944" classname="pageTest.CreateGeneralTest">
    <failure type="java.lang.NullPointerException" message="null value in entry: url=null">
      <![CDATA[java.lang.NullPointerException: null value in entry: url=null
at com.google.common.collect.CollectPreconditions.checkEntryNotNull(CollectPreconditions.java:32)
at com.google.common.collect.SingletonImmutableBiMap.<init>(SingletonImmutableBiMap.java:42)
at com.google.common.collect.ImmutableBiMap.of(ImmutableBiMap.java:72)
at com.google.common.collect.ImmutableMap.of(ImmutableMap.java:124)
at org.openqa.selenium.remote.RemoteWebDriver.get(RemoteWebDriver.java:277)
at pageTest.CreateGeneralTest.initializeBrowser(CreateGeneralTest.java:21)
at java.util.concurrent.FutureTask.run(Unknown Source)
at java.util.concurrent.ThreadPoolExecutor.runWorker(Unknown Source)
at java.util.concurrent.ThreadPoolExecutor$Worker.run(Unknown Source)
at java.lang.Thread.run(Unknown Source)
... Removed 15 stack frames]]>
    </failure>
  </testcase> <!-- @BeforeTest initializeBrowser -->
  <testcase name="@AfterTest tearDown" time="-1.601905950564E9" classname="pageTest.CreateGeneralTest">
    <skipped/>
  </testcase> <!-- @AfterTest tearDown -->
  <testcase name="createGeneralUser" time="0.0" classname="pageTest.CreateGeneralTest">
    <skipped/>
  </testcase> <!-- createGeneralUser -->
</testsuite> <!-- createGeneralUser -->
