<?xml version="1.0" encoding="UTF-8"?>
<!-- Generated by org.testng.reporters.JUnitXMLReporter -->
<testsuite hostname="ENPPHMANL0117" ignored="0" name="VertivTest" tests="2" failures="1" timestamp="2020-10-07T19:57:55 CST" time="39.363" errors="0">
  <testcase name="createGeneralUser" time="18.673" classname="pageTest.CreateGeneralTest"/>
  <testcase name="createGeneralUser" time="18.694" classname="pageTest.CreateGeneralTest">
    <failure type="java.lang.NullPointerException">
      <![CDATA[java.lang.NullPointerException
at resources.Listeners.onTestSuccess(Listeners.java:27)
at java.util.ArrayList.forEach(Unknown Source)
... Removed 24 stack frames]]>
    </failure>
  </testcase> <!-- createGeneralUser -->
</testsuite> <!-- VertivTest -->
