<?xml version="1.0" encoding="UTF-8" ?>
<testsuite tests="29" failures="1" name="TestSuite" time="458.533" errors="0" skipped="28">
  <properties>
[...]
</properties>
  <testcase classname="pageTest.LoginTest" name="initializeBrowser" time="76.393">
    <failure message="null value in entry: url=null" type="java.lang.NullPointerException">java.lang.NullPointerException: null value in entry: url=null
	at com.google.common.collect.CollectPreconditions.checkEntryNotNull(CollectPreconditions.java:32)
	at com.google.common.collect.SingletonImmutableBiMap.&lt;init&gt;(SingletonImmutableBiMap.java:42)
	at com.google.common.collect.ImmutableBiMap.of(ImmutableBiMap.java:72)
	at com.google.common.collect.ImmutableMap.of(ImmutableMap.java:124)
	at org.openqa.selenium.remote.RemoteWebDriver.get(RemoteWebDriver.java:277)
	at pageTest.LoginTest.initializeBrowser(LoginTest.java:22)
</failure>
    <system-out>Configuring TestNG with: org.apache.maven.surefire.testng.conf.TestNG652Configurator@6833ce2c
Initialize Chrome
Initialize Chrome
Initialize Chrome
Initialize Chrome
Initialize Chrome
</system-out>
    <system-err>Starting ChromeDriver 86.0.4240.22 (398b0743353ff36fb1b82468f63a3a93b4e2e89e-refs/branch-heads/4240@{#378}) on port 46878
Only local connections are allowed.
Please see https://chromedriver.chromium.org/security-considerations for suggestions on keeping ChromeDriver safe.
ChromeDriver was started successfully.
Nov 23, 2020 9:25:02 PM org.openqa.selenium.remote.ProtocolHandshake createSession
INFO: Detected dialect: W3C
Starting ChromeDriver 86.0.4240.22 (398b0743353ff36fb1b82468f63a3a93b4e2e89e-refs/branch-heads/4240@{#378}) on port 26177
Only local connections are allowed.
Please see https://chromedriver.chromium.org/security-considerations for suggestions on keeping ChromeDriver safe.
ChromeDriver was started successfully.
Nov 23, 2020 9:25:20 PM org.openqa.selenium.remote.ProtocolHandshake createSession
INFO: Detected dialect: W3C
Starting ChromeDriver 86.0.4240.22 (398b0743353ff36fb1b82468f63a3a93b4e2e89e-refs/branch-heads/4240@{#378}) on port 12577
Only local connections are allowed.
Please see https://chromedriver.chromium.org/security-considerations for suggestions on keeping ChromeDriver safe.
ChromeDriver was started successfully.
Nov 23, 2020 9:25:37 PM org.openqa.selenium.remote.ProtocolHandshake createSession
INFO: Detected dialect: W3C
Starting ChromeDriver 86.0.4240.22 (398b0743353ff36fb1b82468f63a3a93b4e2e89e-refs/branch-heads/4240@{#378}) on port 16810
Only local connections are allowed.
Please see https://chromedriver.chromium.org/security-considerations for suggestions on keeping ChromeDriver safe.
ChromeDriver was started successfully.
Nov 23, 2020 9:25:51 PM org.openqa.selenium.remote.ProtocolHandshake createSession
INFO: Detected dialect: W3C
Starting ChromeDriver 86.0.4240.22 (398b0743353ff36fb1b82468f63a3a93b4e2e89e-refs/branch-heads/4240@{#378}) on port 42839
Only local connections are allowed.
Please see https://chromedriver.chromium.org/security-considerations for suggestions on keeping ChromeDriver safe.
ChromeDriver was started successfully.
Nov 23, 2020 9:26:09 PM org.openqa.selenium.remote.ProtocolHandshake createSession
INFO: Detected dialect: W3C
</system-err>
  </testcase>
  <testcase classname="pageTest.NavigateBrandLandingPagesTest" name="initializeBrowser" time="76.422">
    <skipped/>
  </testcase>
  <testcase classname="pageTest.NavigateCorporateColumnTest" name="initializeBrowser" time="76.422">
    <skipped/>
  </testcase>
  <testcase classname="pageTest.NavigateResourcesColumnTest" name="initializeBrowser" time="76.422">
    <skipped/>
  </testcase>
  <testcase classname="pageTest.NavigateSocialMediaTest" name="initializeBrowser" time="76.422">
    <skipped/>
  </testcase>
  <testcase classname="pageTest.NavigateSupportColumnTest" name="initializeBrowser" time="76.423">
    <skipped/>
  </testcase>
  <testcase classname="pageTest.CreateConsultantTest" name="createConsultant" time="0.002">
    <skipped/>
  </testcase>
  <testcase classname="pageTest.CreateGeneralTest" name="createGeneral" time="0">
    <skipped/>
  </testcase>
  <testcase classname="pageTest.EloquaFormTest" name="login" time="0">
    <skipped/>
  </testcase>
  <testcase classname="pageTest.EloquaFormTest" name="eloquaWithAttachment" time="0">
    <skipped/>
  </testcase>
  <testcase classname="pageTest.LoginNegativeValidationTest" name="loginNegativeValidation1" time="0">
    <skipped/>
  </testcase>
  <testcase classname="pageTest.LoginTest" name="login_homepage" time="0">
    <skipped/>
  </testcase>
  <testcase classname="pageTest.LoginTest" name="login_page" time="0">
    <skipped/>
  </testcase>
  <testcase classname="pageTest.LoginTest" name="distributor_login" time="0">
    <skipped/>
  </testcase>
  <testcase classname="pageTest.NavigateBrandLandingPagesTest" name="BrandLandingPages" time="0">
    <skipped/>
  </testcase>
  <testcase classname="pageTest.NavigateCorporateColumnTest" name="CorporateColumnFooter" time="0.001">
    <skipped/>
  </testcase>
  <testcase classname="pageTest.NavigateResourcesColumnTest" name="ResourcesColumnFooter" time="0">
    <skipped/>
  </testcase>
  <testcase classname="pageTest.NavigateSocialMediaTest" name="socialMediaLinks" time="0">
    <skipped/>
  </testcase>
  <testcase classname="pageTest.NavigateSupportColumnTest" name="SupportColumnFooter" time="0">
    <skipped/>
  </testcase>
  <testcase classname="pageTest.CreateConsultantTest" name="tearDown" time="0.001">
    <skipped/>
  </testcase>
  <testcase classname="pageTest.CreateGeneralTest" name="tearDown" time="0.001">
    <skipped/>
  </testcase>
  <testcase classname="pageTest.EloquaFormTest" name="tearDown" time="0.001">
    <skipped/>
  </testcase>
  <testcase classname="pageTest.LoginNegativeValidationTest" name="tearDown" time="0.002">
    <skipped/>
  </testcase>
  <testcase classname="pageTest.LoginTest" name="tearDown" time="0.002">
    <skipped/>
  </testcase>
  <testcase classname="pageTest.NavigateBrandLandingPagesTest" name="tearDown" time="0.003">
    <skipped/>
  </testcase>
  <testcase classname="pageTest.NavigateCorporateColumnTest" name="tearDown" time="0.003">
    <skipped/>
  </testcase>
  <testcase classname="pageTest.NavigateResourcesColumnTest" name="tearDown" time="0.004">
    <skipped/>
  </testcase>
  <testcase classname="pageTest.NavigateSocialMediaTest" name="tearDown" time="0.004">
    <skipped/>
  </testcase>
  <testcase classname="pageTest.NavigateSupportColumnTest" name="tearDown" time="0.005">
    <skipped/>
  </testcase>
</testsuite>