<?xml version="1.0" encoding="UTF-8"?>
<testng-results ignored="0" total="2" passed="2" failed="0" skipped="0">
  <reporter-output>
  </reporter-output>
  <suite started-at="2022-08-13T17:43:40 CST" name="Default suite" finished-at="2022-08-13T17:45:34 CST" duration-ms="113843">
    <groups>
    </groups>
    <test started-at="2022-08-13T17:43:40 CST" name="Default test" finished-at="2022-08-13T17:45:34 CST" duration-ms="113843">
      <class name="pageTest.EloquaFormTest">
        <test-method is-config="true" signature="initializeBrowser()[pri:0, instance:pageTest.EloquaFormTest@7803bfd]" started-at="2022-08-13T17:43:40 CST" name="initializeBrowser" finished-at="2022-08-13T17:44:09 CST" duration-ms="28550" status="PASS">
          <reporter-output>
          </reporter-output>
        </test-method> <!-- initializeBrowser -->
        <test-method signature="eloquaWithoutAttachment(java.lang.String,java.lang.String,java.lang.String,java.lang.String,java.lang.String,java.lang.String,java.lang.String,java.lang.String,java.lang.String)[pri:0, instance:pageTest.EloquaFormTest@7803bfd]" started-at="2022-08-13T17:44:09 CST" name="eloquaWithoutAttachment" data-provider="getLoginData" finished-at="2022-08-13T17:45:00 CST" duration-ms="51092" status="PASS">
          <params>
            <param index="0">
              <value>
                <![CDATA[test first]]>
              </value>
            </param>
            <param index="1">
              <value>
                <![CDATA[test last]]>
              </value>
            </param>
            <param index="2">
              <value>
                <![CDATA[test.email@yopmail.com]]>
              </value>
            </param>
            <param index="3">
              <value>
                <![CDATA[9561983322]]>
              </value>
            </param>
            <param index="4">
              <value>
                <![CDATA[test company]]>
              </value>
            </param>
            <param index="5">
              <value>
                <![CDATA[4107]]>
              </value>
            </param>
            <param index="6">
              <value>
                <![CDATA[test location]]>
              </value>
            </param>
            <param index="7">
              <value>
                <![CDATA[Vertiv Test Automation Project]]>
              </value>
            </param>
            <param index="8">
              <value>
                <![CDATA[This is a TEST message only.]]>
              </value>
            </param>
          </params>
          <reporter-output>
          </reporter-output>
        </test-method> <!-- eloquaWithoutAttachment -->
        <test-method signature="eloquaWithAttachment(java.lang.String,java.lang.String,java.lang.String,java.lang.String,java.lang.String,java.lang.String)[pri:1, instance:pageTest.EloquaFormTest@7803bfd]" started-at="2022-08-13T17:45:00 CST" name="eloquaWithAttachment" data-provider="getDataToAttach" finished-at="2022-08-13T17:45:34 CST" duration-ms="33716" status="PASS">
          <params>
            <param index="0">
              <value>
                <![CDATA[Lily]]>
              </value>
            </param>
            <param index="1">
              <value>
                <![CDATA[Mosby]]>
              </value>
            </param>
            <param index="2">
              <value>
                <![CDATA[marshall.mosby@yopmail.com]]>
              </value>
            </param>
            <param index="3">
              <value>
                <![CDATA[9827163]]>
              </value>
            </param>
            <param index="4">
              <value>
                <![CDATA[Warner Bro.]]>
              </value>
            </param>
            <param index="5">
              <value>
                <![CDATA[C:\TestAsset.pdf]]>
              </value>
            </param>
          </params>
          <reporter-output>
          </reporter-output>
        </test-method> <!-- eloquaWithAttachment -->
        <test-method is-config="true" signature="tearDown()[pri:0, instance:pageTest.EloquaFormTest@7803bfd]" started-at="2022-08-13T17:45:34 CST" name="tearDown" finished-at="2022-08-13T17:45:34 CST" duration-ms="441" status="PASS">
          <reporter-output>
          </reporter-output>
        </test-method> <!-- tearDown -->
      </class> <!-- pageTest.EloquaFormTest -->
    </test> <!-- Default test -->
  </suite> <!-- Default suite -->
</testng-results>
